{
  "0 debug pnpm:scope": {
    "selected": 1
  },
  "1 debug pnpm:package-manifest": {
    "initial": {
      "name": "tpa-dashboard",
      "version": "1.0.0",
      "description": "TPA Staking Dashboard",
      "private": true,
      "engines": {
        "node": ">=12.20.0",
        "npm": ">=6.14.8"
      },
      "scripts": {
        "dev": "vite",
        "build": "vite build",
        "lint": "./node_modules/eslint/bin/eslint.js --ext .js,.vue src",
        "lint:style": "./node_modules/stylelint/bin/stylelint.js \"**/src/**/*.{css,vue}\""
      },
      "repository": {
        "type": "git",
        "url": "git+https://github.com/samatech/tpa-dashboard.git"
      },
      "keywords": [
        "TPA",
        "dashboard",
        "staking",
        "finance",
        "crypto",
        "defi",
        "NFT"
      ],
      "author": "Samatech",
      "license": "ISC",
      "bugs": {
        "url": "https://github.com/samatech/tpa-dashboard/issues"
      },
      "homepage": "https://github.com/samatech/tpa-dashboard#readme",
      "dependencies": {
        "@metamask/detect-provider": "^1.2.0",
        "@walletconnect/web3-provider": "../lib/web3-provider",
        "date-fns": "^2.21.3",
        "ethers": "^5.1.4",
        "vue": "^3.0.11",
        "vue-i18n": "^9.1.6",
        "vue-router": "^4.0.8",
        "web3modal": "^1.9.3"
      },
      "devDependencies": {
        "@intlify/eslint-plugin-vue-i18n": "^0.11.1",
        "@vitejs/plugin-vue": "^1.2.2",
        "@vue/compiler-sfc": "^3.0.11",
        "autoprefixer": "^10.2.5",
        "eslint": "^7.26.0",
        "eslint-plugin-import": "^2.23.2",
        "eslint-plugin-vue": "^7.9.0",
        "postcss": "^8.2.15",
        "postcss-import": "^14.0.2",
        "postcss-mixins": "^8.0.0",
        "postcss-modules": "^4.0.0",
        "postcss-nested": "^5.0.5",
        "postcss-simple-vars": "^6.0.3",
        "stylelint": "^13.13.1",
        "stylelint-config-standard": "^22.0.0",
        "vite": "^2.3.3",
        "vite-plugin-components": "^0.9.1",
        "vite-plugin-vue-images": "^0.6.1"
      }
    },
    "prefix": "/Users/sam/git/samatech/tpa-dashboard"
  },
  "2 debug pnpm:context": {
    "currentLockfileExists": false,
    "storeDir": "/Users/sam/.pnpm-store/v3",
    "virtualStoreDir": "/Users/sam/git/samatech/tpa-dashboard/node_modules/.pnpm"
  },
  "3 debug pnpm:stage": {
    "prefix": "/Users/sam/git/samatech/tpa-dashboard",
    "stage": "resolution_started"
  },
  "4 debug pnpm:_dependency_resolved": {
    "resolution": "registry.npmjs.org/postcss-import/14.0.2",
    "wanted": {
      "dependentId": ".",
      "name": "postcss-import",
      "rawSpec": "^14.0.2"
    }
  },
  "5 debug pnpm:progress": {
    "packageId": "registry.npmjs.org/postcss-import/14.0.2",
    "requester": "/Users/sam/git/samatech/tpa-dashboard",
    "status": "resolved"
  },
  "6 debug pnpm:progress": {
    "packageId": "registry.npmjs.org/postcss-import/14.0.2",
    "requester": "/Users/sam/git/samatech/tpa-dashboard",
    "status": "found_in_store"
  },
  "7 debug pnpm:_dependency_resolved": {
    "resolution": "registry.npmjs.org/stylelint-config-standard/22.0.0",
    "wanted": {
      "dependentId": ".",
      "name": "stylelint-config-standard",
      "rawSpec": "^22.0.0"
    }
  },
  "8 debug pnpm:progress": {
    "packageId": "registry.npmjs.org/stylelint-config-standard/22.0.0",
    "requester": "/Users/sam/git/samatech/tpa-dashboard",
    "status": "resolved"
  },
  "9 debug pnpm:progress": {
    "packageId": "registry.npmjs.org/stylelint-config-standard/22.0.0",
    "requester": "/Users/sam/git/samatech/tpa-dashboard",
    "status": "found_in_store"
  },
  "10 debug pnpm:_dependency_resolved": {
    "resolution": "registry.npmjs.org/postcss-simple-vars/6.0.3",
    "wanted": {
      "dependentId": ".",
      "name": "postcss-simple-vars",
      "rawSpec": "^6.0.3"
    }
  },
  "11 debug pnpm:progress": {
    "packageId": "registry.npmjs.org/postcss-simple-vars/6.0.3",
    "requester": "/Users/sam/git/samatech/tpa-dashboard",
    "status": "resolved"
  },
  "12 debug pnpm:_dependency_resolved": {
    "resolution": "registry.npmjs.org/postcss-nested/5.0.5",
    "wanted": {
      "dependentId": ".",
      "name": "postcss-nested",
      "rawSpec": "^5.0.5"
    }
  },
  "13 debug pnpm:progress": {
    "packageId": "registry.npmjs.org/postcss-nested/5.0.5",
    "requester": "/Users/sam/git/samatech/tpa-dashboard",
    "status": "resolved"
  },
  "14 error pnpm": {
    "code": "ERR_PNPM_NO_IMPORTER_MANIFEST_FOUND",
    "pkgsStack": [],
    "err": {
      "name": "Error",
      "message": "No package.json (or package.yaml, or package.json5) was found in \"/Users/sam/git/samatech/lib/web3-provider\".",
      "code": "ERR_PNPM_NO_IMPORTER_MANIFEST_FOUND",
      "stack": "Error: No package.json (or package.yaml, or package.json5) was found in \"/Users/sam/git/samatech/lib/web3-provider\".\n    at readProjectManifest (/Users/sam/.nvm/versions/node/v12.22.1/lib/node_modules/pnpm/dist/pnpm.cjs:39640:13)\n    at async Object.readProjectManifestOnly (/Users/sam/.nvm/versions/node/v12.22.1/lib/node_modules/pnpm/dist/pnpm.cjs:39644:28)\n    at async Object.resolveLocal [as default] (/Users/sam/.nvm/versions/node/v12.22.1/lib/node_modules/pnpm/dist/pnpm.cjs:79298:35)\n    at async Object.resolve (/Users/sam/.nvm/versions/node/v12.22.1/lib/node_modules/pnpm/dist/pnpm.cjs:80203:309)\n    at async run (/Users/sam/.nvm/versions/node/v12.22.1/lib/node_modules/pnpm/dist/pnpm.cjs:66289:23)"
    }
  },
  "15 debug pnpm:_dependency_resolved": {
    "resolution": "registry.npmjs.org/postcss-modules/4.0.0",
    "wanted": {
      "dependentId": ".",
      "name": "postcss-modules",
      "rawSpec": "^4.0.0"
    }
  },
  "16 debug pnpm:progress": {
    "packageId": "registry.npmjs.org/postcss-modules/4.0.0",
    "requester": "/Users/sam/git/samatech/tpa-dashboard",
    "status": "resolved"
  }
}